<?xml version="1.0" encoding="UTF-8"?>
<testsuite xmlns:xsi="http://www.w3.org/2001/XMLSchema-instance" xsi:noNamespaceSchemaLocation="https://maven.apache.org/surefire/maven-surefire-plugin/xsd/surefire-test-report-3.0.xsd" version="3.0" name="com.rigoberto.pr.Workers.EventSystemManualTest" time="0.038" tests="5" errors="0" skipped="5" failures="0">
  <properties/>
  <testcase name="testEventSystemProcessesEventAndCallsListener" classname="com.rigoberto.pr.Workers.EventSystemManualTest" time="0.0">
    <skipped message="Requiere PostgreSQL ejecutándose manualmente - habilitar solo para pruebas manuales"/>
  </testcase>
  <testcase name="testEventSystemMarksEventAsSuccessAfterProcessing" classname="com.rigoberto.pr.Workers.EventSystemManualTest" time="0.0">
    <skipped message="Requiere PostgreSQL ejecutándose manualmente - habilitar solo para pruebas manuales"/>
  </testcase>
  <testcase name="testEventPersistenceAndRetrieval" classname="com.rigoberto.pr.Workers.EventSystemManualTest" time="0.0">
    <skipped message="Requiere PostgreSQL ejecutándose manualmente - habilitar solo para pruebas manuales"/>
  </testcase>
  <testcase name="testEventSystemCreatesSchemaAndPostsEvent" classname="com.rigoberto.pr.Workers.EventSystemManualTest" time="0.0">
    <skipped message="Requiere PostgreSQL ejecutándose manualmente - habilitar solo para pruebas manuales"/>
  </testcase>
  <testcase name="testMultipleEventsAreProcessed" classname="com.rigoberto.pr.Workers.EventSystemManualTest" time="0.0">
    <skipped message="Requiere PostgreSQL ejecutándose manualmente - habilitar solo para pruebas manuales"/>
  </testcase>
</testsuite>